\BOOKMARK [0][-]{chapter.1}{Welcome}{}% 1
\BOOKMARK [0][-]{chapter.2}{Functions\040and\040Notation}{}% 2
\BOOKMARK [1][-]{section.2.1}{Dimensionality}{chapter.2}% 3
\BOOKMARK [1][-]{section.2.2}{Interval\040Notation\040for\040\173\\bf\040R\175^1}{chapter.2}% 4
\BOOKMARK [1][-]{section.2.3}{Neighborhoods:\040Intervals,\040Disks,\040and\040Balls}{chapter.2}% 5
\BOOKMARK [1][-]{section.2.4}{Introduction\040to\040Functions}{chapter.2}% 6
\BOOKMARK [1][-]{section.2.5}{Domain\040and\040Range/Image}{chapter.2}% 7
\BOOKMARK [1][-]{section.2.6}{Some\040General\040Types\040of\040Functions}{chapter.2}% 8
\BOOKMARK [1][-]{section.2.7}{\\log,\040\\ln,\040and\040\\exp}{chapter.2}% 9
\BOOKMARK [1][-]{section.2.8}{Other\040Useful\040Functions}{chapter.2}% 10
\BOOKMARK [1][-]{section.2.9}{Graphing\040Functions}{chapter.2}% 11
\BOOKMARK [1][-]{section.2.10}{Solving\040for\040Variables\040and\040Finding\040Inverses}{chapter.2}% 12
\BOOKMARK [1][-]{section.2.11}{Finding\040the\040Roots\040or\040Zeroes\040of\040a\040Function}{chapter.2}% 13
\BOOKMARK [1][-]{section.2.12}{The\040Limit\040of\040a\040Function}{chapter.2}% 14
\BOOKMARK [1][-]{section.2.13}{Continuity}{chapter.2}% 15
\BOOKMARK [1][-]{section.2.14}{Sets}{chapter.2}% 16
\BOOKMARK [0][-]{chapter.3}{Calculus\040I}{}% 17
\BOOKMARK [1][-]{section.3.1}{Sequences}{chapter.3}% 18
\BOOKMARK [1][-]{section.3.2}{The\040Limit\040of\040a\040Sequence}{chapter.3}% 19
\BOOKMARK [1][-]{section.3.3}{Series}{chapter.3}% 20
\BOOKMARK [1][-]{section.3.4}{Derivatives}{chapter.3}% 21
\BOOKMARK [1][-]{section.3.5}{Higher-Order\040Derivatives\040or,\040Derivatives\040of\040Derivatives\040of\040Derivatives}{chapter.3}% 22
\BOOKMARK [1][-]{section.3.6}{Composite\040Functions\040and\040the\040Chain\040Rule}{chapter.3}% 23
\BOOKMARK [1][-]{section.3.7}{Derivatives\040of\040Euler's\040number\040and\040natural\040logs}{chapter.3}% 24
\BOOKMARK [1][-]{section.3.8}{Applications\040of\040the\040Derivative:\040Maxima\040and\040Minima}{chapter.3}% 25
\BOOKMARK [1][-]{section.3.9}{Partial\040Derivatives}{chapter.3}% 26
\BOOKMARK [1][-]{section.3.10}{L'H^opital's\040Rule}{chapter.3}% 27
\BOOKMARK [1][-]{section.3.11}{Taylor\040Series\040Approximation}{chapter.3}% 28
\BOOKMARK [1][-]{section.3.12}{Summary:\040Derivative\040calculus\040in\0406\040steps}{chapter.3}% 29
\BOOKMARK [0][-]{chapter.4}{Calculus\040II}{}% 30
\BOOKMARK [1][-]{section.4.1}{The\040Indefinite\040Integral:\040The\040Antiderivative}{chapter.4}% 31
\BOOKMARK [1][-]{section.4.2}{Common\040Rules\040of\040Integration}{chapter.4}% 32
\BOOKMARK [1][-]{section.4.3}{The\040Definite\040Integral:\040The\040Area\040under\040the\040Curve}{chapter.4}% 33
\BOOKMARK [1][-]{section.4.4}{Integration\040by\040Substitution}{chapter.4}% 34
\BOOKMARK [1][-]{section.4.5}{Integration\040by\040Parts,\040or\040Ultraviolet\040Voodoo}{chapter.4}% 35
\BOOKMARK [0][-]{chapter.5}{Optimization}{}% 36
\BOOKMARK [1][-]{section.5.1}{Quadratic\040Forms}{chapter.5}% 37
\BOOKMARK [1][-]{section.5.2}{Concavity\040of\040Quadratic\040Forms}{chapter.5}% 38
\BOOKMARK [1][-]{section.5.3}{Definiteness\040of\040Quadratic\040Forms}{chapter.5}% 39
\BOOKMARK [1][-]{section.5.4}{First\040Order\040Conditions}{chapter.5}% 40
\BOOKMARK [1][-]{section.5.5}{Second\040Order\040Conditions}{chapter.5}% 41
\BOOKMARK [1][-]{section.5.6}{Definiteness\040and\040Concavity}{chapter.5}% 42
\BOOKMARK [1][-]{section.5.7}{Global\040Maxima\040and\040Minima}{chapter.5}% 43
\BOOKMARK [1][-]{section.5.8}{Constrained\040Optimization}{chapter.5}% 44
\BOOKMARK [1][-]{section.5.9}{Equality\040Constraints}{chapter.5}% 45
\BOOKMARK [1][-]{section.5.10}{Inequality\040Constraints}{chapter.5}% 46
\BOOKMARK [1][-]{section.5.11}{Kuhn-Tucker\040Conditions}{chapter.5}% 47
\BOOKMARK [0][-]{chapter.6}{Introduction}{}% 48
